build/outputs/logs/manifest-merger-debug-report.txt
-- Merging decision tree log ---
manifest
ADDED from Android\Acquire1.0\AndroidManifest.xml:2:1-147:12
	xmlns:android
		ADDED from Android\Acquire1.0\AndroidManifest.xml:2:11-69
	package
		ADDED from Android\Acquire1.0\AndroidManifest.xml:3:5-34
	android:versionName
		ADDED from Android\Acquire1.0\AndroidManifest.xml:5:5-30
	android:versionCode
		ADDED from Android\Acquire1.0\AndroidManifest.xml:4:5-28
		INJECTED from Android\Acquire1.0\AndroidManifest.xml
		INJECTED from Android\Acquire1.0\AndroidManifest.xml
uses-sdk
ADDED from Android\Acquire1.0\AndroidManifest.xml:7:5-9:41
	android:targetSdkVersion
		ADDED from Android\Acquire1.0\AndroidManifest.xml:9:9-38
	android:minSdkVersion
		ADDED from Android\Acquire1.0\AndroidManifest.xml:8:9-35
uses-permission#android.permission.BLUETOOTH
ADDED from Android\Acquire1.0\AndroidManifest.xml:11:5-68
	android:name
		ADDED from Android\Acquire1.0\AndroidManifest.xml:11:22-65
uses-permission#android.permission.BLUETOOTH_ADMIN
ADDED from Android\Acquire1.0\AndroidManifest.xml:12:5-74
	android:name
		ADDED from Android\Acquire1.0\AndroidManifest.xml:12:22-71
uses-permission#android.permission.INTERNET
ADDED from Android\Acquire1.0\AndroidManifest.xml:13:5-67
	android:name
		ADDED from Android\Acquire1.0\AndroidManifest.xml:13:22-64
uses-permission#android.permission.ACCESS_NETWORK_STATE
ADDED from Android\Acquire1.0\AndroidManifest.xml:14:5-79
	android:name
		ADDED from Android\Acquire1.0\AndroidManifest.xml:14:22-76
uses-permission#android.permission.ACCESS_WIFI_STATE
ADDED from Android\Acquire1.0\AndroidManifest.xml:15:5-76
	android:name
		ADDED from Android\Acquire1.0\AndroidManifest.xml:15:22-73
uses-permission#android.permission.CHANGE_WIFI_STATE
ADDED from Android\Acquire1.0\AndroidManifest.xml:16:5-76
	android:name
		ADDED from Android\Acquire1.0\AndroidManifest.xml:16:22-73
uses-permission#android.permission.WRITE_EXTERNAL_STORAGE
ADDED from Android\Acquire1.0\AndroidManifest.xml:17:5-81
	android:name
		ADDED from Android\Acquire1.0\AndroidManifest.xml:17:22-78
application
ADDED from Android\Acquire1.0\AndroidManifest.xml:19:5-145:19
	android:label
		ADDED from Android\Acquire1.0\AndroidManifest.xml:22:9-41
	android:allowBackup
		ADDED from Android\Acquire1.0\AndroidManifest.xml:20:9-35
	android:icon
		ADDED from Android\Acquire1.0\AndroidManifest.xml:21:9-45
	android:theme
		ADDED from Android\Acquire1.0\AndroidManifest.xml:23:9-49
activity#com.example.acquire.acquisition.AcquisitionActivity
ADDED from Android\Acquire1.0\AndroidManifest.xml:26:9-31:20
	android:screenOrientation
		ADDED from Android\Acquire1.0\AndroidManifest.xml:29:13-49
	android:label
		ADDED from Android\Acquire1.0\AndroidManifest.xml:28:13-63
	android:theme
		ADDED from Android\Acquire1.0\AndroidManifest.xml:30:13-52
	android:name
		ADDED from Android\Acquire1.0\AndroidManifest.xml:27:13-79
service#com.example.acquire.acquisition.AcquisitionService
ADDED from Android\Acquire1.0\AndroidManifest.xml:33:9-37:19
	android:label
		ADDED from Android\Acquire1.0\AndroidManifest.xml:36:13-47
	android:exported
		ADDED from Android\Acquire1.0\AndroidManifest.xml:35:13-37
	android:name
		ADDED from Android\Acquire1.0\AndroidManifest.xml:34:13-78
activity#com.example.acquire.acquisition.LoadAcquisitionActivity
ADDED from Android\Acquire1.0\AndroidManifest.xml:39:9-44:20
	android:screenOrientation
		ADDED from Android\Acquire1.0\AndroidManifest.xml:42:13-49
	android:label
		ADDED from Android\Acquire1.0\AndroidManifest.xml:41:13-68
	android:theme
		ADDED from Android\Acquire1.0\AndroidManifest.xml:43:13-52
	android:name
		ADDED from Android\Acquire1.0\AndroidManifest.xml:40:13-83
activity#com.example.acquire.acquisition.RecordsActivity
ADDED from Android\Acquire1.0\AndroidManifest.xml:46:9-50:20
	android:screenOrientation
		ADDED from Android\Acquire1.0\AndroidManifest.xml:49:13-49
	android:label
		ADDED from Android\Acquire1.0\AndroidManifest.xml:48:13-59
	android:name
		ADDED from Android\Acquire1.0\AndroidManifest.xml:47:13-75
activity#com.example.acquire.bluetooth.BtDeviceActivity
ADDED from Android\Acquire1.0\AndroidManifest.xml:54:9-59:20
	android:screenOrientation
		ADDED from Android\Acquire1.0\AndroidManifest.xml:57:13-49
	android:label
		ADDED from Android\Acquire1.0\AndroidManifest.xml:56:13-45
	android:theme
		ADDED from Android\Acquire1.0\AndroidManifest.xml:58:13-52
	android:name
		ADDED from Android\Acquire1.0\AndroidManifest.xml:55:13-74
activity#com.example.acquire.bluetooth.BtServerActivity
ADDED from Android\Acquire1.0\AndroidManifest.xml:61:9-65:20
	android:screenOrientation
		ADDED from Android\Acquire1.0\AndroidManifest.xml:64:13-49
	android:label
		ADDED from Android\Acquire1.0\AndroidManifest.xml:63:13-58
	android:name
		ADDED from Android\Acquire1.0\AndroidManifest.xml:62:13-74
service#com.example.acquire.bluetooth.BtService
ADDED from Android\Acquire1.0\AndroidManifest.xml:67:9-71:19
	android:label
		ADDED from Android\Acquire1.0\AndroidManifest.xml:70:13-38
	android:exported
		ADDED from Android\Acquire1.0\AndroidManifest.xml:69:13-37
	android:name
		ADDED from Android\Acquire1.0\AndroidManifest.xml:68:13-67
activity#com.example.acquire.graph.GraphActivity
ADDED from Android\Acquire1.0\AndroidManifest.xml:75:9-80:20
	android:windowSoftInputMode
		ADDED from Android\Acquire1.0\AndroidManifest.xml:79:13-54
	android:screenOrientation
		ADDED from Android\Acquire1.0\AndroidManifest.xml:78:13-49
	android:label
		ADDED from Android\Acquire1.0\AndroidManifest.xml:77:13-57
	android:name
		ADDED from Android\Acquire1.0\AndroidManifest.xml:76:13-67
activity#com.example.acquire.main.DetailsActivity
ADDED from Android\Acquire1.0\AndroidManifest.xml:84:9-89:20
	android:screenOrientation
		ADDED from Android\Acquire1.0\AndroidManifest.xml:87:13-49
	android:label
		ADDED from Android\Acquire1.0\AndroidManifest.xml:86:13-59
	android:theme
		ADDED from Android\Acquire1.0\AndroidManifest.xml:88:13-52
	android:name
		ADDED from Android\Acquire1.0\AndroidManifest.xml:85:13-68
activity#com.example.acquire.main.MainActivity
ADDED from Android\Acquire1.0\AndroidManifest.xml:91:9-100:20
	android:screenOrientation
		ADDED from Android\Acquire1.0\AndroidManifest.xml:94:13-49
	android:label
		ADDED from Android\Acquire1.0\AndroidManifest.xml:93:13-56
	android:name
		ADDED from Android\Acquire1.0\AndroidManifest.xml:92:13-65
intent-filter#android.intent.action.MAIN+android.intent.category.LAUNCHER
ADDED from Android\Acquire1.0\AndroidManifest.xml:95:13-99:29
action#android.intent.action.MAIN
ADDED from Android\Acquire1.0\AndroidManifest.xml:96:17-69
	android:name
		ADDED from Android\Acquire1.0\AndroidManifest.xml:96:25-66
category#android.intent.category.LAUNCHER
ADDED from Android\Acquire1.0\AndroidManifest.xml:98:17-77
	android:name
		ADDED from Android\Acquire1.0\AndroidManifest.xml:98:27-74
activity#com.example.acquire.main.OptionsActivity
ADDED from Android\Acquire1.0\AndroidManifest.xml:102:9-107:20
	android:screenOrientation
		ADDED from Android\Acquire1.0\AndroidManifest.xml:105:13-49
	android:label
		ADDED from Android\Acquire1.0\AndroidManifest.xml:104:13-59
	android:theme
		ADDED from Android\Acquire1.0\AndroidManifest.xml:106:13-52
	android:name
		ADDED from Android\Acquire1.0\AndroidManifest.xml:103:13-68
activity#com.example.acquire.wifi.WifiDeviceActivity
ADDED from Android\Acquire1.0\AndroidManifest.xml:110:9-115:20
	android:screenOrientation
		ADDED from Android\Acquire1.0\AndroidManifest.xml:113:13-49
	android:label
		ADDED from Android\Acquire1.0\AndroidManifest.xml:112:13-63
	android:theme
		ADDED from Android\Acquire1.0\AndroidManifest.xml:114:13-52
	android:name
		ADDED from Android\Acquire1.0\AndroidManifest.xml:111:13-71
activity#com.example.acquire.wifi.WifiSearchActivity
ADDED from Android\Acquire1.0\AndroidManifest.xml:117:9-122:20
	android:screenOrientation
		ADDED from Android\Acquire1.0\AndroidManifest.xml:120:13-49
	android:label
		ADDED from Android\Acquire1.0\AndroidManifest.xml:119:13-63
	android:theme
		ADDED from Android\Acquire1.0\AndroidManifest.xml:121:13-52
	android:name
		ADDED from Android\Acquire1.0\AndroidManifest.xml:118:13-71
activity#com.example.acquire.wifi.WifiServerActivity
ADDED from Android\Acquire1.0\AndroidManifest.xml:124:9-128:20
	android:screenOrientation
		ADDED from Android\Acquire1.0\AndroidManifest.xml:127:13-49
	android:label
		ADDED from Android\Acquire1.0\AndroidManifest.xml:126:13-63
	android:name
		ADDED from Android\Acquire1.0\AndroidManifest.xml:125:13-71
service#com.example.acquire.wifi.WifiService
ADDED from Android\Acquire1.0\AndroidManifest.xml:130:9-134:19
	android:label
		ADDED from Android\Acquire1.0\AndroidManifest.xml:133:13-40
	android:exported
		ADDED from Android\Acquire1.0\AndroidManifest.xml:132:13-37
	android:name
		ADDED from Android\Acquire1.0\AndroidManifest.xml:131:13-64
activity#com.example.acquire.wifi.WifiSetupActivity
ADDED from Android\Acquire1.0\AndroidManifest.xml:136:9-141:20
	android:screenOrientation
		ADDED from Android\Acquire1.0\AndroidManifest.xml:139:13-49
	android:label
		ADDED from Android\Acquire1.0\AndroidManifest.xml:138:13-62
	android:theme
		ADDED from Android\Acquire1.0\AndroidManifest.xml:140:13-52
	android:name
		ADDED from Android\Acquire1.0\AndroidManifest.xml:137:13-70